*** Using Compiler 'V5.06 update 6 (build 750)', folder: 'D:\programfile\productive_soft\keil\ARM\ARMCC\Bin'
Build target 'demo'
assembling startup_stm32f407xx.s...
compiling module_pwr.c...
compiling module_filesystem.c...
..\..\FML\module\filesystem\module_filesystem.c(231): warning:  #223-D: function "strlen" declared implicitly
          retSD = f_write(&USERFile, write_buf, strlen((const char *)write_buf), &count);
..\..\FML\module\filesystem\module_filesystem.c(121): warning:  #177-D: function "init_spiflash_fatfs"  was declared but never referenced
  static void init_spiflash_fatfs(void)
..\..\FML\module\filesystem\module_filesystem.c(176): warning:  #177-D: function "init_sdcard_fatfs"  was declared but never referenced
  static void init_sdcard_fatfs(void)
..\..\FML\module\filesystem\module_filesystem.c(283): warning:  #177-D: function "sdcard_fatfs_test"  was declared but never referenced
  static void sdcard_fatfs_test(void)
..\..\FML\module\filesystem\module_filesystem.c: 4 warnings, 0 errors
compiling module_iwdg.c...
compiling iwdg.c...
compiling gpio.c...
compiling service_monitor.c...
..\..\BLL\service\monitor\service_monitor.c(26): warning:  #177-D: function "mtimer_callback"  was declared but never referenced
  static void mtimer_callback(void)
..\..\BLL\service\monitor\service_monitor.c(32): warning:  #177-D: function "mcaltimer_callback"  was declared but never referenced
  static void mcaltimer_callback(void)
..\..\BLL\service\monitor\service_monitor.c(38): warning:  #177-D: function "time_wakeup_callback"  was declared but never referenced
  static void time_wakeup_callback(void)
..\..\BLL\service\monitor\service_monitor.c: 3 warnings, 0 errors
compiling adc.c...
compiling dma.c...
compiling board.c...
compiling driver_rtc.c...
compiling module_itemp.c...
compiling rtc.c...
compiling driver_com.c...
compiling module_terst.c...
compiling driver_spi_flash.c...
compiling main.c...
compiling spi.c...
compiling sdio.c...
compiling usart.c...
compiling stm32f4xx_it.c...
compiling stm32f4xx_hal_msp.c...
compiling stm32f4xx_hal_rcc.c...
compiling stm32f4xx_hal_flash_ramfunc.c...
compiling stm32f4xx_hal_flash.c...
compiling stm32f4xx_hal_gpio.c...
compiling stm32f4xx_hal_rcc_ex.c...
compiling stm32f4xx_hal_pwr_ex.c...
compiling stm32f4xx_hal_pwr.c...
compiling stm32f4xx_hal_flash_ex.c...
compiling stm32f4xx_hal_dma.c...
compiling stm32f4xx_hal_eth.c...
compiling stm32f4xx_hal_dma_ex.c...
compiling stm32f4xx_hal_exti.c...
compiling stm32f4xx_hal_cortex.c...
compiling stm32f4xx_hal.c...
compiling stm32f4xx_ll_rcc.c...
compiling stm32f4xx_ll_utils.c...
compiling stm32f4xx_ll_exti.c...
compiling stm32f4xx_hal_pcd_ex.c...
compiling stm32f4xx_hal_pcd.c...
compiling stm32f4xx_hal_iwdg.c...
compiling stm32f4xx_hal_adc_ex.c...
compiling stm32f4xx_hal_adc.c...
compiling stm32f4xx_hal_rtc_ex.c...
compiling stm32f4xx_hal_tim.c...
compiling stm32f4xx_hal_rtc.c...
compiling stm32f4xx_hal_tim_ex.c...
compiling stm32f4xx_ll_usb.c...
compiling stm32f4xx_ll_sdmmc.c...
compiling stm32f4xx_hal_sd.c...
compiling stm32f4xx_hal_spi.c...
compiling stm32f4xx_ll_usart.c...
compiling stm32f4xx_ll_gpio.c...
compiling stm32f4xx_ll_dma.c...
compiling system_stm32f4xx.c...
compiling bsp_driver_sd.c...
compiling user_diskio.c...
compiling sd_diskio.c...
compiling fatfs.c...
compiling ff_gen_drv.c...
compiling diskio.c...
compiling lwip.c...
compiling syscall.c...
compiling auth.c...
compiling ethernetif.c...
compiling ccp.c...
compiling chap_ms.c...
compiling chap-md5.c...
compiling chap-new.c...
compiling demand.c...
compiling eap.c...
compiling ff.c...
compiling eui64.c...
compiling fsm.c...
compiling ipcp.c...
compiling ipv6cp.c...
compiling magic.c...
compiling mppe.c...
compiling multilink.c...
compiling lcp.c...
compiling pppapi.c...
compiling ppp.c...
compiling pppcrypt.c...
compiling pppoe.c...
compiling pppol2tp.c...
compiling upap.c...
compiling pppos.c...
compiling vj.c...
compiling utils.c...
compiling bridgeif.c...
compiling bridgeif_fdb.c...
compiling lowpan6.c...
compiling ethernet.c...
compiling lowpan6_common.c...
compiling lowpan6_ble.c...
compiling zepif.c...
compiling ecp.c...
compiling api_lib.c...
compiling api_msg.c...
compiling err.c...
compiling if_api.c...
compiling slipif.c...
compiling netbuf.c...
compiling netdb.c...
compiling netifapi.c...
compiling tcpip.c...
compiling sockets.c...
compiling altcp.c...
compiling altcp_alloc.c...
compiling altcp_tcp.c...
compiling dns.c...
compiling def.c...
compiling raw.c...
compiling ip.c...
compiling stats.c...
compiling inet_chksum.c...
compiling mem.c...
compiling init.c...
compiling memp.c...
compiling sys.c...
compiling netif.c...
compiling pbuf.c...
compiling tcp.c...
compiling autoip.c...
compiling dhcp.c...
compiling tcp_in.c...
compiling timeouts.c...
compiling udp.c...
compiling tcp_out.c...
compiling igmp.c...
compiling ip4.c...
compiling dhcp6.c...
compiling ethip6.c...
compiling icmp6.c...
compiling icmp.c...
compiling ip4_addr.c...
compiling etharp.c...
compiling ip4_frag.c...
compiling inet6.c...
compiling ip6.c...
compiling ip6_addr.c...
compiling ip6_frag.c...
compiling mld6.c...
compiling nd6.c...
compiling usb_device.c...
compiling usbd_desc.c...
compiling usbd_cdc_if.c...
compiling usbd_ctlreq.c...
compiling usbd_ioreq.c...
compiling usbd_core.c...
compiling usbd_cdc.c...
compiling usbd_conf.c...
compiling mqtt.c...
linking...
Program Size: Code=93360 RO-data=1208 RW-data=792 ZI-data=83564  
FromELF: creating hex file...
"demo\demo.axf" - 0 Error(s), 7 Warning(s).
Build Time Elapsed:  00:00:07
